0 info it worked if it ends with ok
1 verbose cli [ '/Users/ericsoco/.nvm/versions/node/v5.11.1/bin/node',
1 verbose cli   '/Users/ericsoco/.nvm/versions/node/v5.11.1/bin/npm',
1 verbose cli   'run',
1 verbose cli   'publish-patch' ]
2 info using npm@3.8.6
3 info using node@v5.11.1
4 verbose run-script [ 'prepublish-patch', 'publish-patch', 'postpublish-patch' ]
5 info lifecycle d3-force-cluster@0.0.1~prepublish-patch: d3-force-cluster@0.0.1
6 silly lifecycle d3-force-cluster@0.0.1~prepublish-patch: no script for prepublish-patch, continuing
7 info lifecycle d3-force-cluster@0.0.1~publish-patch: d3-force-cluster@0.0.1
8 verbose lifecycle d3-force-cluster@0.0.1~publish-patch: unsafe-perm in lifecycle true
9 verbose lifecycle d3-force-cluster@0.0.1~publish-patch: PATH: /Users/ericsoco/.nvm/versions/node/v5.11.1/lib/node_modules/npm/bin/node-gyp-bin:/Users/ericsoco/Documents/code resources/git/d3-force-cluster/node_modules/.bin:/Users/ericsoco/.nvm/versions/node/v5.11.1/bin:/opt/local/bin:/opt/local/sbin:/Users/ericsoco/.nvm/versions/node/v5.11.1/bin:/usr/local/heroku/bin:/usr/local/git/bin:/usr/local/bin:/usr/local/bin:/usr/bin:/bin:/usr/sbin:/sbin:/opt/X11/bin:/usr/local/git/bin:/Applications/Android/SDK-r21/android-sdk-macosx/platform-tools:/Applications/Android/SDK-r21/android-sdk-macosx/tools
10 verbose lifecycle d3-force-cluster@0.0.1~publish-patch: CWD: /Users/ericsoco/Documents/code resources/git/d3-force-cluster
11 silly lifecycle d3-force-cluster@0.0.1~publish-patch: Args: [ '-c', 'npm version patch && npm publish' ]
12 silly lifecycle d3-force-cluster@0.0.1~publish-patch: Returned: code: 1  signal: null
13 info lifecycle d3-force-cluster@0.0.1~publish-patch: Failed to exec publish-patch script
14 verbose stack Error: d3-force-cluster@0.0.1 publish-patch: `npm version patch && npm publish`
14 verbose stack Exit status 1
14 verbose stack     at EventEmitter.<anonymous> (/Users/ericsoco/.nvm/versions/node/v5.11.1/lib/node_modules/npm/lib/utils/lifecycle.js:239:16)
14 verbose stack     at emitTwo (events.js:100:13)
14 verbose stack     at EventEmitter.emit (events.js:185:7)
14 verbose stack     at ChildProcess.<anonymous> (/Users/ericsoco/.nvm/versions/node/v5.11.1/lib/node_modules/npm/lib/utils/spawn.js:24:14)
14 verbose stack     at emitTwo (events.js:100:13)
14 verbose stack     at ChildProcess.emit (events.js:185:7)
14 verbose stack     at maybeClose (internal/child_process.js:850:16)
14 verbose stack     at Process.ChildProcess._handle.onexit (internal/child_process.js:215:5)
15 verbose pkgid d3-force-cluster@0.0.1
16 verbose cwd /Users/ericsoco/Documents/code resources/git/d3-force-cluster
17 error Darwin 15.5.0
18 error argv "/Users/ericsoco/.nvm/versions/node/v5.11.1/bin/node" "/Users/ericsoco/.nvm/versions/node/v5.11.1/bin/npm" "run" "publish-patch"
19 error node v5.11.1
20 error npm  v3.8.6
21 error code ELIFECYCLE
22 error d3-force-cluster@0.0.1 publish-patch: `npm version patch && npm publish`
22 error Exit status 1
23 error Failed at the d3-force-cluster@0.0.1 publish-patch script 'npm version patch && npm publish'.
23 error Make sure you have the latest version of node.js and npm installed.
23 error If you do, this is most likely a problem with the d3-force-cluster package,
23 error not with npm itself.
23 error Tell the author that this fails on your system:
23 error     npm version patch && npm publish
23 error You can get information on how to open an issue for this project with:
23 error     npm bugs d3-force-cluster
23 error Or if that isn't available, you can get their info via:
23 error     npm owner ls d3-force-cluster
23 error There is likely additional logging output above.
24 verbose exit [ 1, true ]
